[14-May-2013 03:16:34 UTC] PHP Fatal error:  Cannot use string offset as an array in /var/www/test_scheduler/trunk/view/user_examiner_view/maketestpage.php on line 21
[14-May-2013 03:16:38 UTC] PHP Fatal error:  Cannot use string offset as an array in /var/www/test_scheduler/trunk/view/user_examiner_view/maketestpage.php on line 21
[14-May-2013 03:16:40 UTC] PHP Fatal error:  Cannot use string offset as an array in /var/www/test_scheduler/trunk/view/user_examiner_view/maketestpage.php on line 21
[14-May-2013 03:50:22 UTC] PHP Fatal error:  Cannot use string offset as an array in /var/www/test_scheduler/trunk/view/user_examiner_view/maketestpage.php on line 21
[14-May-2013 03:50:28 UTC] PHP Fatal error:  Cannot use string offset as an array in /var/www/test_scheduler/trunk/view/user_examiner_view/maketestpage.php on line 21
[14-May-2013 03:50:51 UTC] PHP Fatal error:  Cannot use string offset as an array in /var/www/test_scheduler/trunk/view/user_examiner_view/maketestpage.php on line 21
[14-May-2013 03:59:30 UTC] PHP Notice:  Undefined index: random in /var/www/test_scheduler/trunk/controller/createTestController.php on line 85
[14-May-2013 03:59:30 UTC] PHP Notice:  Undefined index: feedback in /var/www/test_scheduler/trunk/controller/createTestController.php on line 95
[14-May-2013 03:59:30 UTC] PHP Notice:  Undefined index: emailScore in /var/www/test_scheduler/trunk/controller/createTestController.php on line 101
[14-May-2013 03:59:30 UTC] PHP Notice:  Undefined index: SESS_USER_ID in /var/www/test_scheduler/trunk/controller/createTestController.php on line 117
[14-May-2013 03:59:30 UTC] PHP Warning:  PDO::query(): SQLSTATE[23000]: Integrity constraint violation: 1452 Cannot add or update a child row: a foreign key constraint fails (`test_scheduler`.`test_link`, CONSTRAINT `test_link_ibfk_1` FOREIGN KEY (`test_id`) REFERENCES `test` (`id`) ON DELETE CASCADE ON UPDATE CASCADE) in /var/www/test_scheduler/trunk/library/cxpdo/cxpdo.php on line 58
[14-May-2013 05:41:22 UTC] PHP Notice:  Undefined index: random in /var/www/test_scheduler/trunk/controller/createTestController.php on line 108
[14-May-2013 05:41:22 UTC] PHP Notice:  Undefined index: feedback in /var/www/test_scheduler/trunk/controller/createTestController.php on line 118
[14-May-2013 05:41:22 UTC] PHP Notice:  Undefined index: emailScore in /var/www/test_scheduler/trunk/controller/createTestController.php on line 124
[14-May-2013 05:41:22 UTC] PHP Notice:  Undefined index: SESS_USER_ID in /var/www/test_scheduler/trunk/controller/createTestController.php on line 140
[14-May-2013 05:41:22 UTC] PHP Warning:  PDO::query(): SQLSTATE[23000]: Integrity constraint violation: 1452 Cannot add or update a child row: a foreign key constraint fails (`test_scheduler`.`test_link`, CONSTRAINT `test_link_ibfk_1` FOREIGN KEY (`test_id`) REFERENCES `test` (`id`) ON DELETE CASCADE ON UPDATE CASCADE) in /var/www/test_scheduler/trunk/library/cxpdo/cxpdo.php on line 58
[14-May-2013 07:05:19 UTC] PHP Warning:  PDO::query(): SQLSTATE[42S02]: Base table or view not found: 1146 Table 'test_scheduler.contact_us' doesn't exist in /var/www/test_scheduler/trunk/library/cxpdo/cxpdo.php on line 58
[14-May-2013 07:14:56 UTC] PHP Notice:  Use of undefined constant SUCCESSFULLY_DELETED - assumed 'SUCCESSFULLY_DELETED' in /var/www/test_scheduler/trunk/view/user_examiner_view/test_management.php on line 14
[14-May-2013 07:14:56 UTC] PHP Notice:  Use of undefined constant ERROR_WHILE_PROCESSING - assumed 'ERROR_WHILE_PROCESSING' in /var/www/test_scheduler/trunk/view/user_examiner_view/test_management.php on line 19
[14-May-2013 07:14:56 UTC] PHP Notice:  Use of undefined constant INVALID_COMMAND - assumed 'INVALID_COMMAND' in /var/www/test_scheduler/trunk/view/user_examiner_view/test_management.php on line 23
[14-May-2013 07:14:56 UTC] PHP Notice:  Use of undefined constant NO_RECORDS_FOUND - assumed 'NO_RECORDS_FOUND' in /var/www/test_scheduler/trunk/view/user_examiner_view/test_management.php on line 83
[14-May-2013 08:59:51 UTC] PHP Fatal error:  Cannot use string offset as an array in /var/www/test_scheduler/trunk/view/user_examiner_view/maketestpage.php on line 40
[14-May-2013 09:02:12 UTC] PHP Notice:  Uninitialized string offset: 0 in /var/www/test_scheduler/trunk/view/settings_home.php on line 18
[14-May-2013 09:02:12 UTC] PHP Notice:  Uninitialized string offset: 0 in /var/www/test_scheduler/trunk/view/settings_home.php on line 27
[14-May-2013 09:02:12 UTC] PHP Notice:  Uninitialized string offset: 0 in /var/www/test_scheduler/trunk/view/settings_home.php on line 36
[14-May-2013 09:02:12 UTC] PHP Notice:  Uninitialized string offset: 0 in /var/www/test_scheduler/trunk/view/settings_home.php on line 45
[14-May-2013 09:02:12 UTC] PHP Notice:  Uninitialized string offset: 0 in /var/www/test_scheduler/trunk/view/settings_home.php on line 69
[14-May-2013 09:02:12 UTC] PHP Notice:  Uninitialized string offset: 0 in /var/www/test_scheduler/trunk/view/settings_home.php on line 78
[14-May-2013 09:02:12 UTC] PHP Notice:  Uninitialized string offset: 0 in /var/www/test_scheduler/trunk/view/settings_home.php on line 87
[14-May-2013 09:02:32 UTC] PHP Notice:  Undefined index: SESS_USER_ID in /var/www/test_scheduler/trunk/controller/accountSettingsController.php on line 120
[14-May-2013 09:02:32 UTC] PHP Notice:  Undefined index: newPass in /var/www/test_scheduler/trunk/model/accountSettingsModel.php on line 104
[14-May-2013 09:02:32 UTC] PHP Notice:  Undefined index: oldPass in /var/www/test_scheduler/trunk/model/accountSettingsModel.php on line 105
[14-May-2013 09:02:32 UTC] PHP Notice:  Undefined index: SESS_USER_ID in /var/www/test_scheduler/trunk/controller/accountSettingsController.php on line 19
[14-May-2013 09:02:32 UTC] PHP Warning:  Missing argument 1 for accountSettingsModel::viewDetails(), called in /var/www/test_scheduler/trunk/library/common.inc.php on line 109 and defined in /var/www/test_scheduler/trunk/model/accountSettingsModel.php on line 24
[14-May-2013 09:02:32 UTC] PHP Notice:  Undefined variable: userId in /var/www/test_scheduler/trunk/model/accountSettingsModel.php on line 35
[14-May-2013 09:02:32 UTC] PHP Notice:  Undefined variable: userData in /var/www/test_scheduler/trunk/model/accountSettingsModel.php on line 45
[14-May-2013 09:02:35 UTC] PHP Notice:  Uninitialized string offset: 0 in /var/www/test_scheduler/trunk/view/settings_home.php on line 18
[14-May-2013 09:02:35 UTC] PHP Notice:  Uninitialized string offset: 0 in /var/www/test_scheduler/trunk/view/settings_home.php on line 27
[14-May-2013 09:02:35 UTC] PHP Notice:  Uninitialized string offset: 0 in /var/www/test_scheduler/trunk/view/settings_home.php on line 36
[14-May-2013 09:02:35 UTC] PHP Notice:  Uninitialized string offset: 0 in /var/www/test_scheduler/trunk/view/settings_home.php on line 45
[14-May-2013 09:02:35 UTC] PHP Notice:  Uninitialized string offset: 0 in /var/www/test_scheduler/trunk/view/settings_home.php on line 69
[14-May-2013 09:02:35 UTC] PHP Notice:  Uninitialized string offset: 0 in /var/www/test_scheduler/trunk/view/settings_home.php on line 78
[14-May-2013 09:02:35 UTC] PHP Notice:  Uninitialized string offset: 0 in /var/www/test_scheduler/trunk/view/settings_home.php on line 87
[14-May-2013 09:04:57 UTC] PHP Notice:  Undefined index: SESS_USER_ID in /var/www/test_scheduler/trunk/controller/userController.php on line 24
[14-May-2013 09:04:57 UTC] PHP Notice:  Undefined index: SESS_USER_ID in /var/www/test_scheduler/trunk/controller/userController.php on line 27
[14-May-2013 09:05:53 UTC] PHP Notice:  Use of undefined constant SUCCESSFULLY_DELETED - assumed 'SUCCESSFULLY_DELETED' in /var/www/test_scheduler/trunk/view/user_examiner_view/test_management.php on line 14
[14-May-2013 09:05:53 UTC] PHP Notice:  Use of undefined constant ERROR_WHILE_PROCESSING - assumed 'ERROR_WHILE_PROCESSING' in /var/www/test_scheduler/trunk/view/user_examiner_view/test_management.php on line 19
[14-May-2013 09:05:53 UTC] PHP Notice:  Use of undefined constant INVALID_COMMAND - assumed 'INVALID_COMMAND' in /var/www/test_scheduler/trunk/view/user_examiner_view/test_management.php on line 23
[14-May-2013 09:05:53 UTC] PHP Notice:  Use of undefined constant NO_RECORDS_FOUND - assumed 'NO_RECORDS_FOUND' in /var/www/test_scheduler/trunk/view/user_examiner_view/test_management.php on line 83
[14-May-2013 09:05:57 UTC] PHP Notice:  Undefined variable: categoryArray in /var/www/test_scheduler/trunk/model/categoryModel.php on line 99
[14-May-2013 09:06:06 UTC] PHP Notice:  Undefined variable: categoryArray in /var/www/test_scheduler/trunk/model/categoryModel.php on line 99
[14-May-2013 09:06:13 UTC] PHP Notice:  Undefined variable: categoryArray in /var/www/test_scheduler/trunk/model/categoryModel.php on line 99
[14-May-2013 09:06:33 UTC] PHP Notice:  Undefined variable: categoryArray in /var/www/test_scheduler/trunk/model/categoryModel.php on line 99
[14-May-2013 09:06:49 UTC] PHP Notice:  Undefined variable: categoryArray in /var/www/test_scheduler/trunk/model/categoryModel.php on line 99
[14-May-2013 09:10:26 UTC] PHP Notice:  Undefined variable: categoryArray in /var/www/test_scheduler/trunk/model/categoryModel.php on line 99
[14-May-2013 09:27:26 UTC] PHP Notice:  Uninitialized string offset: 0 in /var/www/test_scheduler/trunk/view/settings_home.php on line 18
[14-May-2013 09:27:26 UTC] PHP Notice:  Uninitialized string offset: 0 in /var/www/test_scheduler/trunk/view/settings_home.php on line 27
[14-May-2013 09:27:26 UTC] PHP Notice:  Uninitialized string offset: 0 in /var/www/test_scheduler/trunk/view/settings_home.php on line 36
[14-May-2013 09:27:26 UTC] PHP Notice:  Uninitialized string offset: 0 in /var/www/test_scheduler/trunk/view/settings_home.php on line 45
[14-May-2013 09:27:26 UTC] PHP Notice:  Uninitialized string offset: 0 in /var/www/test_scheduler/trunk/view/settings_home.php on line 69
[14-May-2013 09:27:26 UTC] PHP Notice:  Uninitialized string offset: 0 in /var/www/test_scheduler/trunk/view/settings_home.php on line 78
[14-May-2013 09:27:26 UTC] PHP Notice:  Uninitialized string offset: 0 in /var/www/test_scheduler/trunk/view/settings_home.php on line 87
[14-May-2013 09:41:50 UTC] PHP Notice:  Uninitialized string offset: 0 in /var/www/test_scheduler/trunk/view/settings_home.php on line 28
[14-May-2013 09:41:50 UTC] PHP Notice:  Uninitialized string offset: 0 in /var/www/test_scheduler/trunk/view/settings_home.php on line 37
[14-May-2013 09:41:50 UTC] PHP Notice:  Uninitialized string offset: 0 in /var/www/test_scheduler/trunk/view/settings_home.php on line 46
[14-May-2013 09:41:50 UTC] PHP Notice:  Uninitialized string offset: 0 in /var/www/test_scheduler/trunk/view/settings_home.php on line 55
[14-May-2013 09:41:50 UTC] PHP Notice:  Uninitialized string offset: 0 in /var/www/test_scheduler/trunk/view/settings_home.php on line 78
[14-May-2013 09:41:50 UTC] PHP Notice:  Uninitialized string offset: 0 in /var/www/test_scheduler/trunk/view/settings_home.php on line 87
[14-May-2013 09:41:50 UTC] PHP Notice:  Uninitialized string offset: 0 in /var/www/test_scheduler/trunk/view/settings_home.php on line 96
[14-May-2013 09:41:57 UTC] PHP Notice:  Undefined index: newPass in /var/www/test_scheduler/trunk/model/accountSettingsModel.php on line 104
[14-May-2013 09:41:57 UTC] PHP Notice:  Undefined index: oldPass in /var/www/test_scheduler/trunk/model/accountSettingsModel.php on line 105
[14-May-2013 09:41:57 UTC] PHP Notice:  Undefined variable: userData in /var/www/test_scheduler/trunk/model/accountSettingsModel.php on line 45
[14-May-2013 09:42:04 UTC] PHP Notice:  Undefined index: fname in /var/www/test_scheduler/trunk/controller/accountSettingsController.php on line 71
[14-May-2013 09:42:04 UTC] PHP Notice:  Undefined index: lname in /var/www/test_scheduler/trunk/controller/accountSettingsController.php on line 80
[14-May-2013 09:42:04 UTC] PHP Notice:  Undefined index: email in /var/www/test_scheduler/trunk/controller/accountSettingsController.php on line 87
[14-May-2013 09:42:04 UTC] PHP Notice:  Undefined index: fname in /var/www/test_scheduler/trunk/model/accountSettingsModel.php on line 76
[14-May-2013 09:42:04 UTC] PHP Notice:  Undefined index: lname in /var/www/test_scheduler/trunk/model/accountSettingsModel.php on line 77
[14-May-2013 09:42:04 UTC] PHP Notice:  Undefined index: email in /var/www/test_scheduler/trunk/model/accountSettingsModel.php on line 78
[14-May-2013 09:42:04 UTC] PHP Notice:  Undefined variable: userData in /var/www/test_scheduler/trunk/model/accountSettingsModel.php on line 45
[14-May-2013 09:42:11 UTC] PHP Notice:  Undefined index: fname in /var/www/test_scheduler/trunk/controller/accountSettingsController.php on line 71
[14-May-2013 09:42:11 UTC] PHP Notice:  Undefined index: lname in /var/www/test_scheduler/trunk/controller/accountSettingsController.php on line 80
[14-May-2013 09:42:11 UTC] PHP Notice:  Undefined index: email in /var/www/test_scheduler/trunk/controller/accountSettingsController.php on line 87
[14-May-2013 09:42:11 UTC] PHP Notice:  Undefined index: fname in /var/www/test_scheduler/trunk/model/accountSettingsModel.php on line 76
[14-May-2013 09:42:11 UTC] PHP Notice:  Undefined index: lname in /var/www/test_scheduler/trunk/model/accountSettingsModel.php on line 77
[14-May-2013 09:42:11 UTC] PHP Notice:  Undefined index: email in /var/www/test_scheduler/trunk/model/accountSettingsModel.php on line 78
[14-May-2013 09:42:11 UTC] PHP Notice:  Undefined variable: userData in /var/www/test_scheduler/trunk/model/accountSettingsModel.php on line 45
[14-May-2013 09:42:23 UTC] PHP Notice:  Undefined variable: userData in /var/www/test_scheduler/trunk/model/accountSettingsModel.php on line 45
[14-May-2013 09:42:55 UTC] PHP Notice:  Undefined variable: userData in /var/www/test_scheduler/trunk/model/accountSettingsModel.php on line 45
[14-May-2013 09:42:55 UTC] PHP Notice:  Undefined variable: userData in /var/www/test_scheduler/trunk/model/accountSettingsModel.php on line 45
[14-May-2013 09:42:56 UTC] PHP Notice:  Undefined variable: userData in /var/www/test_scheduler/trunk/model/accountSettingsModel.php on line 45
[14-May-2013 09:42:56 UTC] PHP Notice:  Undefined variable: userData in /var/www/test_scheduler/trunk/model/accountSettingsModel.php on line 45
[14-May-2013 09:42:56 UTC] PHP Notice:  Undefined variable: userData in /var/www/test_scheduler/trunk/model/accountSettingsModel.php on line 45
[14-May-2013 09:42:57 UTC] PHP Notice:  Undefined variable: userData in /var/www/test_scheduler/trunk/model/accountSettingsModel.php on line 45
[14-May-2013 09:44:27 UTC] PHP Notice:  Undefined variable: userData in /var/www/test_scheduler/trunk/model/accountSettingsModel.php on line 45
[14-May-2013 09:44:30 UTC] PHP Notice:  Undefined index: newPass in /var/www/test_scheduler/trunk/model/accountSettingsModel.php on line 104
[14-May-2013 09:44:30 UTC] PHP Notice:  Undefined index: oldPass in /var/www/test_scheduler/trunk/model/accountSettingsModel.php on line 105
[14-May-2013 09:44:31 UTC] PHP Notice:  Undefined variable: userData in /var/www/test_scheduler/trunk/model/accountSettingsModel.php on line 45
[14-May-2013 09:44:39 UTC] PHP Notice:  Undefined variable: userData in /var/www/test_scheduler/trunk/model/accountSettingsModel.php on line 45
[14-May-2013 09:44:44 UTC] PHP Notice:  Undefined index: newPass in /var/www/test_scheduler/trunk/model/accountSettingsModel.php on line 104
[14-May-2013 09:44:44 UTC] PHP Notice:  Undefined index: oldPass in /var/www/test_scheduler/trunk/model/accountSettingsModel.php on line 105
[14-May-2013 09:44:44 UTC] PHP Notice:  Undefined variable: userData in /var/www/test_scheduler/trunk/model/accountSettingsModel.php on line 45
[14-May-2013 09:45:51 UTC] PHP Notice:  Undefined index: newPass in /var/www/test_scheduler/trunk/model/accountSettingsModel.php on line 104
[14-May-2013 09:45:51 UTC] PHP Notice:  Undefined index: oldPass in /var/www/test_scheduler/trunk/model/accountSettingsModel.php on line 105
[14-May-2013 09:45:51 UTC] PHP Notice:  Undefined variable: userData in /var/www/test_scheduler/trunk/model/accountSettingsModel.php on line 45
[14-May-2013 09:45:55 UTC] PHP Notice:  Uninitialized string offset: 0 in /var/www/test_scheduler/trunk/view/settings_home.php on line 28
[14-May-2013 09:45:55 UTC] PHP Notice:  Uninitialized string offset: 0 in /var/www/test_scheduler/trunk/view/settings_home.php on line 37
[14-May-2013 09:45:55 UTC] PHP Notice:  Uninitialized string offset: 0 in /var/www/test_scheduler/trunk/view/settings_home.php on line 46
[14-May-2013 09:45:55 UTC] PHP Notice:  Uninitialized string offset: 0 in /var/www/test_scheduler/trunk/view/settings_home.php on line 55
[14-May-2013 09:45:55 UTC] PHP Notice:  Uninitialized string offset: 0 in /var/www/test_scheduler/trunk/view/settings_home.php on line 78
[14-May-2013 09:45:55 UTC] PHP Notice:  Uninitialized string offset: 0 in /var/www/test_scheduler/trunk/view/settings_home.php on line 87
[14-May-2013 09:45:55 UTC] PHP Notice:  Uninitialized string offset: 0 in /var/www/test_scheduler/trunk/view/settings_home.php on line 96
[14-May-2013 09:46:00 UTC] PHP Notice:  Uninitialized string offset: 0 in /var/www/test_scheduler/trunk/view/settings_home.php on line 28
[14-May-2013 09:46:00 UTC] PHP Notice:  Uninitialized string offset: 0 in /var/www/test_scheduler/trunk/view/settings_home.php on line 37
[14-May-2013 09:46:00 UTC] PHP Notice:  Uninitialized string offset: 0 in /var/www/test_scheduler/trunk/view/settings_home.php on line 46
[14-May-2013 09:46:00 UTC] PHP Notice:  Uninitialized string offset: 0 in /var/www/test_scheduler/trunk/view/settings_home.php on line 55
[14-May-2013 09:46:00 UTC] PHP Notice:  Uninitialized string offset: 0 in /var/www/test_scheduler/trunk/view/settings_home.php on line 78
[14-May-2013 09:46:00 UTC] PHP Notice:  Uninitialized string offset: 0 in /var/www/test_scheduler/trunk/view/settings_home.php on line 87
[14-May-2013 09:46:00 UTC] PHP Notice:  Uninitialized string offset: 0 in /var/www/test_scheduler/trunk/view/settings_home.php on line 96
[14-May-2013 09:52:07 UTC] PHP Notice:  Uninitialized string offset: 0 in /var/www/test_scheduler/trunk/view/settings_home.php on line 28
[14-May-2013 09:52:07 UTC] PHP Notice:  Uninitialized string offset: 0 in /var/www/test_scheduler/trunk/view/settings_home.php on line 37
[14-May-2013 09:52:07 UTC] PHP Notice:  Uninitialized string offset: 0 in /var/www/test_scheduler/trunk/view/settings_home.php on line 46
[14-May-2013 09:52:07 UTC] PHP Notice:  Uninitialized string offset: 0 in /var/www/test_scheduler/trunk/view/settings_home.php on line 55
[14-May-2013 09:52:07 UTC] PHP Notice:  Uninitialized string offset: 0 in /var/www/test_scheduler/trunk/view/settings_home.php on line 78
[14-May-2013 09:52:07 UTC] PHP Notice:  Uninitialized string offset: 0 in /var/www/test_scheduler/trunk/view/settings_home.php on line 87
[14-May-2013 09:52:07 UTC] PHP Notice:  Uninitialized string offset: 0 in /var/www/test_scheduler/trunk/view/settings_home.php on line 96
[14-May-2013 09:53:39 UTC] PHP Notice:  Uninitialized string offset: 0 in /var/www/test_scheduler/trunk/view/settings_home.php on line 28
[14-May-2013 09:53:39 UTC] PHP Notice:  Uninitialized string offset: 0 in /var/www/test_scheduler/trunk/view/settings_home.php on line 37
[14-May-2013 09:53:39 UTC] PHP Notice:  Uninitialized string offset: 0 in /var/www/test_scheduler/trunk/view/settings_home.php on line 46
[14-May-2013 09:53:39 UTC] PHP Notice:  Uninitialized string offset: 0 in /var/www/test_scheduler/trunk/view/settings_home.php on line 55
[14-May-2013 09:53:39 UTC] PHP Notice:  Uninitialized string offset: 0 in /var/www/test_scheduler/trunk/view/settings_home.php on line 78
[14-May-2013 09:53:39 UTC] PHP Notice:  Uninitialized string offset: 0 in /var/www/test_scheduler/trunk/view/settings_home.php on line 87
[14-May-2013 09:53:39 UTC] PHP Notice:  Uninitialized string offset: 0 in /var/www/test_scheduler/trunk/view/settings_home.php on line 96
[14-May-2013 10:39:32 UTC] PHP Notice:  Undefined variable: arrData in /var/www/test_scheduler/trunk/view/user_examiner_view/users_overall_result.php on line 11
[14-May-2013 10:39:32 UTC] PHP Warning:  Invalid argument supplied for foreach() in /var/www/test_scheduler/trunk/view/user_examiner_view/users_overall_result.php on line 11
[14-May-2013 10:39:35 UTC] PHP Notice:  Undefined variable: arrData in /var/www/test_scheduler/trunk/view/user_examiner_view/users_overall_result.php on line 11
[14-May-2013 10:39:35 UTC] PHP Warning:  Invalid argument supplied for foreach() in /var/www/test_scheduler/trunk/view/user_examiner_view/users_overall_result.php on line 11
[14-May-2013 10:52:33 UTC] PHP Warning:  Invalid argument supplied for foreach() in /var/www/test_scheduler/trunk/view/user_examiner_view/displayresultajax.php on line 9
[14-May-2013 10:52:33 UTC] PHP Notice:  Undefined variable: total_ques in /var/www/test_scheduler/trunk/view/user_examiner_view/displayresultajax.php on line 17
[14-May-2013 10:52:33 UTC] PHP Warning:  Division by zero in /var/www/test_scheduler/trunk/view/user_examiner_view/displayresultajax.php on line 17
[14-May-2013 10:52:33 UTC] PHP Notice:  Undefined variable: key in /var/www/test_scheduler/trunk/view/user_examiner_view/displayresultajax.php on line 35
[14-May-2013 10:52:33 UTC] PHP Warning:  Invalid argument supplied for foreach() in /var/www/test_scheduler/trunk/view/user_examiner_view/displayresultajax.php on line 51
[14-May-2013 10:53:22 UTC] PHP Notice:  Undefined variable: arrData in /var/www/test_scheduler/trunk/view/user_examiner_view/users_overall_result.php on line 11
[14-May-2013 10:53:22 UTC] PHP Warning:  Invalid argument supplied for foreach() in /var/www/test_scheduler/trunk/view/user_examiner_view/users_overall_result.php on line 11
[14-May-2013 10:53:48 UTC] PHP Notice:  Undefined variable: arrData in /var/www/test_scheduler/trunk/view/user_examiner_view/users_overall_result.php on line 11
[14-May-2013 10:53:48 UTC] PHP Warning:  Invalid argument supplied for foreach() in /var/www/test_scheduler/trunk/view/user_examiner_view/users_overall_result.php on line 11
[18-May-2013 07:01:05 UTC] PHP Warning:  PDO::query(): SQLSTATE[42S02]: Base table or view not found: 1146 Table 'test_scheduler.user_profile' doesn't exist in /var/www/test_scheduler/trunk/library/cxpdo/cxpdo.php on line 148
[18-May-2013 07:01:05 UTC] PHP Fatal error:  Call to a member function fetchColumn() on a non-object in /var/www/test_scheduler/trunk/model/baseModel.php on line 91
[18-May-2013 08:39:40 UTC] PHP Fatal error:  Cannot redeclare class dbConnectModel in /var/www/test_scheduler/trunk/model/db_connect.php on line 22
[18-May-2013 08:40:00 UTC] PHP Warning:  PDO::query(): SQLSTATE[42S02]: Base table or view not found: 1146 Table 'test_scheduler.activity_log' doesn't exist in /var/www/test_scheduler/trunk/library/cxpdo/cxpdo.php on line 58
[18-May-2013 08:41:02 UTC] PHP Warning:  PDO::query(): SQLSTATE[42S02]: Base table or view not found: 1146 Table 'test_scheduler.activity_log' doesn't exist in /var/www/test_scheduler/trunk/library/cxpdo/cxpdo.php on line 58
[18-May-2013 08:41:43 UTC] PHP Notice:  Undefined index: id in /var/www/test_scheduler/trunk/controller/adminController.php on line 156
[18-May-2013 08:43:55 UTC] PHP Notice:  Undefined index: id in /var/www/test_scheduler/trunk/controller/adminController.php on line 156
[18-May-2013 08:45:42 UTC] PHP Warning:  PDO::query(): SQLSTATE[42S02]: Base table or view not found: 1146 Table 'test_scheduler.activity_log' doesn't exist in /var/www/test_scheduler/trunk/library/cxpdo/cxpdo.php on line 58
